# JRE version: OpenJDK Runtime Environment (7.0_51) (build 1.7.0_51-b00)
# Java VM: OpenJDK 64-Bit Server VM (24.45-b08 mixed mode linux-amd64 compressed oops)
Heap
 PSYoungGen      total 164352K, used 47221K [0x00000000f0000000, 0x00000000fe980000, 0x0000000100000000)
  eden space 125952K, 10% used [0x00000000f0000000,0x00000000f0d3f028,0x00000000f7b00000)
  from space 38400K, 87% used [0x00000000f7b00000,0x00000000f9bde6e8,0x00000000fa080000)
  to   space 43008K, 0% used [0x00000000fbf80000,0x00000000fbf80000,0x00000000fe980000)
 ParOldGen       total 91136K, used 60848K [0x00000000d0000000, 0x00000000d5900000, 0x00000000f0000000)
  object space 91136K, 66% used [0x00000000d0000000,0x00000000d3b6c0b8,0x00000000d5900000)
 PSPermGen       total 101888K, used 101664K [0x00000000c0000000, 0x00000000c6380000, 0x00000000d0000000)
  object space 101888K, 99% used [0x00000000c0000000,0x00000000c6348308,0x00000000c6380000)
GC Heap History (10 events):
Event: 15,652 GC heap before
{Heap before GC invocations=13 (full 2):
 PSYoungGen      total 114688K, used 91058K [0x00000000f0000000, 0x00000000f9f80000, 0x0000000100000000)
  eden space 90624K, 100% used [0x00000000f0000000,0x00000000f5880000,0x00000000f5880000)
  from space 24064K, 1% used [0x00000000f7800000,0x00000000f786cbe0,0x00000000f8f80000)
  to   space 32256K, 0% used [0x00000000f5880000,0x00000000f5880000,0x00000000f7800000)
 ParOldGen       total 91136K, used 51057K [0x00000000d0000000, 0x00000000d5900000, 0x00000000f0000000)
  object space 91136K, 56% used [0x00000000d0000000,0x00000000d31dc6f8,0x00000000d5900000)
 PSPermGen       total 84992K, used 65965K [0x00000000c0000000, 0x00000000c5300000, 0x00000000d0000000)
  object space 84992K, 77% used [0x00000000c0000000,0x00000000c406b750,0x00000000c5300000)
Event: 15,712 GC heap after
Heap after GC invocations=13 (full 2):
 PSYoungGen      total 122880K, used 13563K [0x00000000f0000000, 0x00000000fa780000, 0x0000000100000000)
  eden space 90624K, 0% used [0x00000000f0000000,0x00000000f0000000,0x00000000f5880000)
  from space 32256K, 42% used [0x00000000f5880000,0x00000000f65becb8,0x00000000f7800000)
  to   space 30720K, 0% used [0x00000000f8980000,0x00000000f8980000,0x00000000fa780000)
 ParOldGen       total 91136K, used 51097K [0x00000000d0000000, 0x00000000d5900000, 0x00000000f0000000)
  object space 91136K, 56% used [0x00000000d0000000,0x00000000d31e66f8,0x00000000d5900000)
 PSPermGen       total 84992K, used 65965K [0x00000000c0000000, 0x00000000c5300000, 0x00000000d0000000)
  object space 84992K, 77% used [0x00000000c0000000,0x00000000c406b750,0x00000000c5300000)
}
Event: 18,244 GC heap before
{Heap before GC invocations=14 (full 2):
 PSYoungGen      total 122880K, used 104187K [0x00000000f0000000, 0x00000000fa780000, 0x0000000100000000)
  eden space 90624K, 100% used [0x00000000f0000000,0x00000000f5880000,0x00000000f5880000)
  from space 32256K, 42% used [0x00000000f5880000,0x00000000f65becb8,0x00000000f7800000)
  to   space 30720K, 0% used [0x00000000f8980000,0x00000000f8980000,0x00000000fa780000)
 ParOldGen       total 91136K, used 51097K [0x00000000d0000000, 0x00000000d5900000, 0x00000000f0000000)
  object space 91136K, 56% used [0x00000000d0000000,0x00000000d31e66f8,0x00000000d5900000)
 PSPermGen       total 84992K, used 78780K [0x00000000c0000000, 0x00000000c5300000, 0x00000000d0000000)
  object space 84992K, 92% used [0x00000000c0000000,0x00000000c4cef050,0x00000000c5300000)
Event: 18,293 GC heap after
Heap after GC invocations=14 (full 2):
 PSYoungGen      total 139776K, used 18297K [0x00000000f0000000, 0x00000000fa780000, 0x0000000100000000)
  eden space 109056K, 0% used [0x00000000f0000000,0x00000000f0000000,0x00000000f6a80000)
  from space 30720K, 59% used [0x00000000f8980000,0x00000000f9b5e6d8,0x00000000fa780000)
  to   space 31232K, 0% used [0x00000000f6a80000,0x00000000f6a80000,0x00000000f8900000)
 ParOldGen       total 91136K, used 51097K [0x00000000d0000000, 0x00000000d5900000, 0x00000000f0000000)
  object space 91136K, 56% used [0x00000000d0000000,0x00000000d31e66f8,0x00000000d5900000)
 PSPermGen       total 84992K, used 78780K [0x00000000c0000000, 0x00000000c5300000, 0x00000000d0000000)
  object space 84992K, 92% used [0x00000000c0000000,0x00000000c4cef050,0x00000000c5300000)
}
Event: 21,151 GC heap before
{Heap before GC invocations=15 (full 2):
 PSYoungGen      total 139776K, used 127353K [0x00000000f0000000, 0x00000000fa780000, 0x0000000100000000)
  eden space 109056K, 100% used [0x00000000f0000000,0x00000000f6a80000,0x00000000f6a80000)
  from space 30720K, 59% used [0x00000000f8980000,0x00000000f9b5e6d8,0x00000000fa780000)
  to   space 31232K, 0% used [0x00000000f6a80000,0x00000000f6a80000,0x00000000f8900000)
 ParOldGen       total 91136K, used 51097K [0x00000000d0000000, 0x00000000d5900000, 0x00000000f0000000)
  object space 91136K, 56% used [0x00000000d0000000,0x00000000d31e66f8,0x00000000d5900000)
 PSPermGen       total 87552K, used 87055K [0x00000000c0000000, 0x00000000c5580000, 0x00000000d0000000)
  object space 87552K, 99% used [0x00000000c0000000,0x00000000c5503e38,0x00000000c5580000)
Event: 21,220 GC heap after
Heap after GC invocations=15 (full 2):
 PSYoungGen      total 140288K, used 23653K [0x00000000f0000000, 0x00000000fc100000, 0x0000000100000000)
  eden space 109056K, 0% used [0x00000000f0000000,0x00000000f0000000,0x00000000f6a80000)
  from space 31232K, 75% used [0x00000000f6a80000,0x00000000f81994d0,0x00000000f8900000)
  to   space 33280K, 0% used [0x00000000fa080000,0x00000000fa080000,0x00000000fc100000)
 ParOldGen       total 91136K, used 51097K [0x00000000d0000000, 0x00000000d5900000, 0x00000000f0000000)
  object space 91136K, 56% used [0x00000000d0000000,0x00000000d31e66f8,0x00000000d5900000)
 PSPermGen       total 87552K, used 87055K [0x00000000c0000000, 0x00000000c5580000, 0x00000000d0000000)
  object space 87552K, 99% used [0x00000000c0000000,0x00000000c5503e38,0x00000000c5580000)
}
Event: 25,440 GC heap before
{Heap before GC invocations=16 (full 2):
 PSYoungGen      total 140288K, used 132709K [0x00000000f0000000, 0x00000000fc100000, 0x0000000100000000)
  eden space 109056K, 100% used [0x00000000f0000000,0x00000000f6a80000,0x00000000f6a80000)
  from space 31232K, 75% used [0x00000000f6a80000,0x00000000f81994d0,0x00000000f8900000)
  to   space 33280K, 0% used [0x00000000fa080000,0x00000000fa080000,0x00000000fc100000)
 ParOldGen       total 91136K, used 51097K [0x00000000d0000000, 0x00000000d5900000, 0x00000000f0000000)
  object space 91136K, 56% used [0x00000000d0000000,0x00000000d31e66f8,0x00000000d5900000)
 PSPermGen       total 94208K, used 94002K [0x00000000c0000000, 0x00000000c5c00000, 0x00000000d0000000)
  object space 94208K, 99% used [0x00000000c0000000,0x00000000c5bccb10,0x00000000c5c00000)
Event: 25,578 GC heap after
Heap after GC invocations=16 (full 2):
 PSYoungGen      total 159232K, used 33269K [0x00000000f0000000, 0x00000000fcb80000, 0x0000000100000000)
  eden space 125952K, 0% used [0x00000000f0000000,0x00000000f0000000,0x00000000f7b00000)
  from space 33280K, 99% used [0x00000000fa080000,0x00000000fc0fd780,0x00000000fc100000)
  to   space 38400K, 0% used [0x00000000f7b00000,0x00000000f7b00000,0x00000000fa080000)
 ParOldGen       total 91136K, used 51575K [0x00000000d0000000, 0x00000000d5900000, 0x00000000f0000000)
  object space 91136K, 56% used [0x00000000d0000000,0x00000000d325dca8,0x00000000d5900000)
 PSPermGen       total 94208K, used 94002K [0x00000000c0000000, 0x00000000c5c00000, 0x00000000d0000000)
  object space 94208K, 99% used [0x00000000c0000000,0x00000000c5bccb10,0x00000000c5c00000)
}
Event: 29,447 GC heap before
{Heap before GC invocations=17 (full 2):
 PSYoungGen      total 159232K, used 159221K [0x00000000f0000000, 0x00000000fcb80000, 0x0000000100000000)
  eden space 125952K, 100% used [0x00000000f0000000,0x00000000f7b00000,0x00000000f7b00000)
  from space 33280K, 99% used [0x00000000fa080000,0x00000000fc0fd780,0x00000000fc100000)
  to   space 38400K, 0% used [0x00000000f7b00000,0x00000000f7b00000,0x00000000fa080000)
 ParOldGen       total 91136K, used 51575K [0x00000000d0000000, 0x00000000d5900000, 0x00000000f0000000)
  object space 91136K, 56% used [0x00000000d0000000,0x00000000d325dca8,0x00000000d5900000)
 PSPermGen       total 100864K, used 100652K [0x00000000c0000000, 0x00000000c6280000, 0x00000000d0000000)
  object space 100864K, 99% used [0x00000000c0000000,0x00000000c624b0c8,0x00000000c6280000)
Event: 29,581 GC heap after
Heap after GC invocations=17 (full 2):
 PSYoungGen      total 164352K, used 33657K [0x00000000f0000000, 0x00000000fe980000, 0x0000000100000000)
  eden space 125952K, 0% used [0x00000000f0000000,0x00000000f0000000,0x00000000f7b00000)
  from space 38400K, 87% used [0x00000000f7b00000,0x00000000f9bde6e8,0x00000000fa080000)
  to   space 43008K, 0% used [0x00000000fbf80000,0x00000000fbf80000,0x00000000fe980000)
 ParOldGen       total 91136K, used 60848K [0x00000000d0000000, 0x00000000d5900000, 0x00000000f0000000)
  object space 91136K, 66% used [0x00000000d0000000,0x00000000d3b6c0b8,0x00000000d5900000)
 PSPermGen       total 100864K, used 100652K [0x00000000c0000000, 0x00000000c6280000, 0x00000000d0000000)
  object space 100864K, 99% used [0x00000000c0000000,0x00000000c624b0c8,0x00000000c6280000)
}

