# JRE version: OpenJDK Runtime Environment (7.0_51) (build 1.7.0_51-b00)
# Java VM: OpenJDK 64-Bit Server VM (24.45-b08 mixed mode linux-amd64 compressed oops)
Heap
 PSYoungGen      total 153600K, used 44587K [0x00000000f0000000, 0x00000000fb480000, 0x0000000100000000)
  eden space 138240K, 23% used [0x00000000f0000000,0x00000000f2048c58,0x00000000f8700000)
  from space 15360K, 75% used [0x00000000f8700000,0x00000000f92420b8,0x00000000f9600000)
  to   space 17408K, 0% used [0x00000000fa380000,0x00000000fa380000,0x00000000fb480000)
 ParOldGen       total 167424K, used 79555K [0x00000000d0000000, 0x00000000da380000, 0x00000000f0000000)
  object space 167424K, 47% used [0x00000000d0000000,0x00000000d4db0d98,0x00000000da380000)
 PSPermGen       total 119808K, used 119492K [0x00000000c0000000, 0x00000000c7500000, 0x00000000d0000000)
  object space 119808K, 99% used [0x00000000c0000000,0x00000000c74b1060,0x00000000c7500000)
GC Heap History (10 events):
Event: 1287,781 GC heap before
{Heap before GC invocations=80 (full 23):
 PSYoungGen      total 153600K, used 7162K [0x00000000f0000000, 0x00000000fa700000, 0x0000000100000000)
  eden space 138240K, 5% used [0x00000000f0000000,0x00000000f06fe878,0x00000000f8700000)
  from space 15360K, 0% used [0x00000000f9800000,0x00000000f9800000,0x00000000fa700000)
  to   space 16384K, 0% used [0x00000000f8700000,0x00000000f8700000,0x00000000f9700000)
 ParOldGen       total 167424K, used 79703K [0x00000000d0000000, 0x00000000da380000, 0x00000000f0000000)
  object space 167424K, 47% used [0x00000000d0000000,0x00000000d4dd5ec8,0x00000000da380000)
 PSPermGen       total 118784K, used 112194K [0x00000000c0000000, 0x00000000c7400000, 0x00000000d0000000)
  object space 118784K, 94% used [0x00000000c0000000,0x00000000c6d909a0,0x00000000c7400000)
Event: 1287,793 GC heap after
Heap after GC invocations=80 (full 23):
 PSYoungGen      total 138752K, used 512K [0x00000000f0000000, 0x00000000fa600000, 0x0000000100000000)
  eden space 138240K, 0% used [0x00000000f0000000,0x00000000f0000000,0x00000000f8700000)
  from space 512K, 100% used [0x00000000f8700000,0x00000000f8780000,0x00000000f8780000)
  to   space 15872K, 0% used [0x00000000f9680000,0x00000000f9680000,0x00000000fa600000)
 ParOldGen       total 167424K, used 79703K [0x00000000d0000000, 0x00000000da380000, 0x00000000f0000000)
  object space 167424K, 47% used [0x00000000d0000000,0x00000000d4dd5ec8,0x00000000da380000)
 PSPermGen       total 118784K, used 112194K [0x00000000c0000000, 0x00000000c7400000, 0x00000000d0000000)
  object space 118784K, 94% used [0x00000000c0000000,0x00000000c6d909a0,0x00000000c7400000)
}
Event: 1287,793 GC heap before
{Heap before GC invocations=81 (full 24):
 PSYoungGen      total 138752K, used 512K [0x00000000f0000000, 0x00000000fa600000, 0x0000000100000000)
  eden space 138240K, 0% used [0x00000000f0000000,0x00000000f0000000,0x00000000f8700000)
  from space 512K, 100% used [0x00000000f8700000,0x00000000f8780000,0x00000000f8780000)
  to   space 15872K, 0% used [0x00000000f9680000,0x00000000f9680000,0x00000000fa600000)
 ParOldGen       total 167424K, used 79703K [0x00000000d0000000, 0x00000000da380000, 0x00000000f0000000)
  object space 167424K, 47% used [0x00000000d0000000,0x00000000d4dd5ec8,0x00000000da380000)
 PSPermGen       total 118784K, used 112194K [0x00000000c0000000, 0x00000000c7400000, 0x00000000d0000000)
  object space 118784K, 94% used [0x00000000c0000000,0x00000000c6d909a0,0x00000000c7400000)
Event: 1288,315 GC heap after
Heap after GC invocations=81 (full 24):
 PSYoungGen      total 138752K, used 0K [0x00000000f0000000, 0x00000000fa600000, 0x0000000100000000)
  eden space 138240K, 0% used [0x00000000f0000000,0x00000000f0000000,0x00000000f8700000)
  from space 512K, 0% used [0x00000000f8700000,0x00000000f8700000,0x00000000f8780000)
  to   space 15872K, 0% used [0x00000000f9680000,0x00000000f9680000,0x00000000fa600000)
 ParOldGen       total 167424K, used 79738K [0x00000000d0000000, 0x00000000da380000, 0x00000000f0000000)
  object space 167424K, 47% used [0x00000000d0000000,0x00000000d4ddea60,0x00000000da380000)
 PSPermGen       total 117760K, used 112194K [0x00000000c0000000, 0x00000000c7300000, 0x00000000d0000000)
  object space 117760K, 95% used [0x00000000c0000000,0x00000000c6d90900,0x00000000c7300000)
}
Event: 1347,782 GC heap before
{Heap before GC invocations=82 (full 24):
 PSYoungGen      total 138752K, used 2028K [0x00000000f0000000, 0x00000000fa600000, 0x0000000100000000)
  eden space 138240K, 1% used [0x00000000f0000000,0x00000000f01fb0c8,0x00000000f8700000)
  from space 512K, 0% used [0x00000000f8700000,0x00000000f8700000,0x00000000f8780000)
  to   space 15872K, 0% used [0x00000000f9680000,0x00000000f9680000,0x00000000fa600000)
 ParOldGen       total 167424K, used 79738K [0x00000000d0000000, 0x00000000da380000, 0x00000000f0000000)
  object space 167424K, 47% used [0x00000000d0000000,0x00000000d4ddea60,0x00000000da380000)
 PSPermGen       total 117760K, used 112194K [0x00000000c0000000, 0x00000000c7300000, 0x00000000d0000000)
  object space 117760K, 95% used [0x00000000c0000000,0x00000000c6d90a50,0x00000000c7300000)
Event: 1347,791 GC heap after
Heap after GC invocations=82 (full 24):
 PSYoungGen      total 153088K, used 64K [0x00000000f0000000, 0x00000000fa500000, 0x0000000100000000)
  eden space 138240K, 0% used [0x00000000f0000000,0x00000000f0000000,0x00000000f8700000)
  from space 14848K, 0% used [0x00000000f9680000,0x00000000f9690000,0x00000000fa500000)
  to   space 15360K, 0% used [0x00000000f8700000,0x00000000f8700000,0x00000000f9600000)
 ParOldGen       total 167424K, used 79738K [0x00000000d0000000, 0x00000000da380000, 0x00000000f0000000)
  object space 167424K, 47% used [0x00000000d0000000,0x00000000d4ddea60,0x00000000da380000)
 PSPermGen       total 117760K, used 112194K [0x00000000c0000000, 0x00000000c7300000, 0x00000000d0000000)
  object space 117760K, 95% used [0x00000000c0000000,0x00000000c6d90a50,0x00000000c7300000)
}
Event: 1347,791 GC heap before
{Heap before GC invocations=83 (full 25):
 PSYoungGen      total 153088K, used 64K [0x00000000f0000000, 0x00000000fa500000, 0x0000000100000000)
  eden space 138240K, 0% used [0x00000000f0000000,0x00000000f0000000,0x00000000f8700000)
  from space 14848K, 0% used [0x00000000f9680000,0x00000000f9690000,0x00000000fa500000)
  to   space 15360K, 0% used [0x00000000f8700000,0x00000000f8700000,0x00000000f9600000)
 ParOldGen       total 167424K, used 79738K [0x00000000d0000000, 0x00000000da380000, 0x00000000f0000000)
  object space 167424K, 47% used [0x00000000d0000000,0x00000000d4ddea60,0x00000000da380000)
 PSPermGen       total 117760K, used 112194K [0x00000000c0000000, 0x00000000c7300000, 0x00000000d0000000)
  object space 117760K, 95% used [0x00000000c0000000,0x00000000c6d90a50,0x00000000c7300000)
Event: 1348,342 GC heap after
Heap after GC invocations=83 (full 25):
 PSYoungGen      total 153088K, used 0K [0x00000000f0000000, 0x00000000fa500000, 0x0000000100000000)
  eden space 138240K, 0% used [0x00000000f0000000,0x00000000f0000000,0x00000000f8700000)
  from space 14848K, 0% used [0x00000000f9680000,0x00000000f9680000,0x00000000fa500000)
  to   space 15360K, 0% used [0x00000000f8700000,0x00000000f8700000,0x00000000f9600000)
 ParOldGen       total 167424K, used 79555K [0x00000000d0000000, 0x00000000da380000, 0x00000000f0000000)
  object space 167424K, 47% used [0x00000000d0000000,0x00000000d4db0d98,0x00000000da380000)
 PSPermGen       total 117248K, used 112192K [0x00000000c0000000, 0x00000000c7280000, 0x00000000d0000000)
  object space 117248K, 95% used [0x00000000c0000000,0x00000000c6d90328,0x00000000c7280000)
}
Event: 1411,970 GC heap before
{Heap before GC invocations=84 (full 25):
 PSYoungGen      total 153088K, used 138240K [0x00000000f0000000, 0x00000000fa500000, 0x0000000100000000)
  eden space 138240K, 100% used [0x00000000f0000000,0x00000000f8700000,0x00000000f8700000)
  from space 14848K, 0% used [0x00000000f9680000,0x00000000f9680000,0x00000000fa500000)
  to   space 15360K, 0% used [0x00000000f8700000,0x00000000f8700000,0x00000000f9600000)
 ParOldGen       total 167424K, used 79555K [0x00000000d0000000, 0x00000000da380000, 0x00000000f0000000)
  object space 167424K, 47% used [0x00000000d0000000,0x00000000d4db0d98,0x00000000da380000)
 PSPermGen       total 119808K, used 119463K [0x00000000c0000000, 0x00000000c7500000, 0x00000000d0000000)
  object space 119808K, 99% used [0x00000000c0000000,0x00000000c74a9c38,0x00000000c7500000)
Event: 1412,000 GC heap after
Heap after GC invocations=84 (full 25):
 PSYoungGen      total 153600K, used 11528K [0x00000000f0000000, 0x00000000fb480000, 0x0000000100000000)
  eden space 138240K, 0% used [0x00000000f0000000,0x00000000f0000000,0x00000000f8700000)
  from space 15360K, 75% used [0x00000000f8700000,0x00000000f92420b8,0x00000000f9600000)
  to   space 17408K, 0% used [0x00000000fa380000,0x00000000fa380000,0x00000000fb480000)
 ParOldGen       total 167424K, used 79555K [0x00000000d0000000, 0x00000000da380000, 0x00000000f0000000)
  object space 167424K, 47% used [0x00000000d0000000,0x00000000d4db0d98,0x00000000da380000)
 PSPermGen       total 119808K, used 119463K [0x00000000c0000000, 0x00000000c7500000, 0x00000000d0000000)
  object space 119808K, 99% used [0x00000000c0000000,0x00000000c74a9c38,0x00000000c7500000)
}

