# JRE version: OpenJDK Runtime Environment (7.0_51) (build 1.7.0_51-b00)
# Java VM: OpenJDK 64-Bit Server VM (24.45-b08 mixed mode linux-amd64 compressed oops)
Heap
 PSYoungGen      total 74240K, used 5115K [0x00000000f5500000, 0x00000000fa300000, 0x0000000100000000)
  eden space 69120K, 0% used [0x00000000f5500000,0x00000000f5500000,0x00000000f9880000)
  from space 5120K, 99% used [0x00000000f9880000,0x00000000f9d7ee70,0x00000000f9d80000)
  to   space 4608K, 0% used [0x00000000f9d80000,0x00000000f9d80000,0x00000000fa200000)
 ParOldGen       total 20480K, used 14137K [0x00000000e0000000, 0x00000000e1400000, 0x00000000f5500000)
  object space 20480K, 69% used [0x00000000e0000000,0x00000000e0dce750,0x00000000e1400000)
 PSPermGen       total 21504K, used 13645K [0x00000000d5a00000, 0x00000000d6f00000, 0x00000000e0000000)
  object space 21504K, 63% used [0x00000000d5a00000,0x00000000d6753518,0x00000000d6f00000)
GC Heap History (10 events):
Event: 2,678 GC heap after
Heap after GC invocations=4 (full 0):
 PSYoungGen      total 18432K, used 1008K [0x00000000f5500000, 0x00000000f6800000, 0x0000000100000000)
  eden space 17408K, 0% used [0x00000000f5500000,0x00000000f5500000,0x00000000f6600000)
  from space 1024K, 98% used [0x00000000f6700000,0x00000000f67fc020,0x00000000f6800000)
  to   space 1024K, 0% used [0x00000000f6600000,0x00000000f6600000,0x00000000f6700000)
 ParOldGen       total 20480K, used 6903K [0x00000000e0000000, 0x00000000e1400000, 0x00000000f5500000)
  object space 20480K, 33% used [0x00000000e0000000,0x00000000e06bded0,0x00000000e1400000)
 PSPermGen       total 21504K, used 7849K [0x00000000d5a00000, 0x00000000d6f00000, 0x00000000e0000000)
  object space 21504K, 36% used [0x00000000d5a00000,0x00000000d61aa5d0,0x00000000d6f00000)
}
Event: 3,148 GC heap before
{Heap before GC invocations=5 (full 0):
 PSYoungGen      total 18432K, used 18416K [0x00000000f5500000, 0x00000000f6800000, 0x0000000100000000)
  eden space 17408K, 100% used [0x00000000f5500000,0x00000000f6600000,0x00000000f6600000)
  from space 1024K, 98% used [0x00000000f6700000,0x00000000f67fc020,0x00000000f6800000)
  to   space 1024K, 0% used [0x00000000f6600000,0x00000000f6600000,0x00000000f6700000)
 ParOldGen       total 20480K, used 6903K [0x00000000e0000000, 0x00000000e1400000, 0x00000000f5500000)
  object space 20480K, 33% used [0x00000000e0000000,0x00000000e06bded0,0x00000000e1400000)
 PSPermGen       total 21504K, used 8903K [0x00000000d5a00000, 0x00000000d6f00000, 0x00000000e0000000)
  object space 21504K, 41% used [0x00000000d5a00000,0x00000000d62b1ec0,0x00000000d6f00000)
Event: 3,155 GC heap after
Heap after GC invocations=5 (full 0):
 PSYoungGen      total 18432K, used 1008K [0x00000000f5500000, 0x00000000f8000000, 0x0000000100000000)
  eden space 17408K, 0% used [0x00000000f5500000,0x00000000f5500000,0x00000000f6600000)
  from space 1024K, 98% used [0x00000000f6600000,0x00000000f66fc020,0x00000000f6700000)
  to   space 4608K, 0% used [0x00000000f7b80000,0x00000000f7b80000,0x00000000f8000000)
 ParOldGen       total 20480K, used 8158K [0x00000000e0000000, 0x00000000e1400000, 0x00000000f5500000)
  object space 20480K, 39% used [0x00000000e0000000,0x00000000e07f7a58,0x00000000e1400000)
 PSPermGen       total 21504K, used 8903K [0x00000000d5a00000, 0x00000000d6f00000, 0x00000000e0000000)
  object space 21504K, 41% used [0x00000000d5a00000,0x00000000d62b1ec0,0x00000000d6f00000)
}
Event: 3,271 GC heap before
{Heap before GC invocations=6 (full 0):
 PSYoungGen      total 18432K, used 18416K [0x00000000f5500000, 0x00000000f8000000, 0x0000000100000000)
  eden space 17408K, 100% used [0x00000000f5500000,0x00000000f6600000,0x00000000f6600000)
  from space 1024K, 98% used [0x00000000f6600000,0x00000000f66fc020,0x00000000f6700000)
  to   space 4608K, 0% used [0x00000000f7b80000,0x00000000f7b80000,0x00000000f8000000)
 ParOldGen       total 20480K, used 8158K [0x00000000e0000000, 0x00000000e1400000, 0x00000000f5500000)
  object space 20480K, 39% used [0x00000000e0000000,0x00000000e07f7a58,0x00000000e1400000)
 PSPermGen       total 21504K, used 8923K [0x00000000d5a00000, 0x00000000d6f00000, 0x00000000e0000000)
  object space 21504K, 41% used [0x00000000d5a00000,0x00000000d62b6e98,0x00000000d6f00000)
Event: 3,277 GC heap after
Heap after GC invocations=6 (full 0):
 PSYoungGen      total 39424K, used 1136K [0x00000000f5500000, 0x00000000f8000000, 0x0000000100000000)
  eden space 34816K, 0% used [0x00000000f5500000,0x00000000f5500000,0x00000000f7700000)
  from space 4608K, 24% used [0x00000000f7b80000,0x00000000f7c9c020,0x00000000f8000000)
  to   space 4608K, 0% used [0x00000000f7700000,0x00000000f7700000,0x00000000f7b80000)
 ParOldGen       total 20480K, used 8158K [0x00000000e0000000, 0x00000000e1400000, 0x00000000f5500000)
  object space 20480K, 39% used [0x00000000e0000000,0x00000000e07f7a58,0x00000000e1400000)
 PSPermGen       total 21504K, used 8923K [0x00000000d5a00000, 0x00000000d6f00000, 0x00000000e0000000)
  object space 21504K, 41% used [0x00000000d5a00000,0x00000000d62b6e98,0x00000000d6f00000)
}
Event: 3,518 GC heap before
{Heap before GC invocations=7 (full 0):
 PSYoungGen      total 39424K, used 35952K [0x00000000f5500000, 0x00000000f8000000, 0x0000000100000000)
  eden space 34816K, 100% used [0x00000000f5500000,0x00000000f7700000,0x00000000f7700000)
  from space 4608K, 24% used [0x00000000f7b80000,0x00000000f7c9c020,0x00000000f8000000)
  to   space 4608K, 0% used [0x00000000f7700000,0x00000000f7700000,0x00000000f7b80000)
 ParOldGen       total 20480K, used 8158K [0x00000000e0000000, 0x00000000e1400000, 0x00000000f5500000)
  object space 20480K, 39% used [0x00000000e0000000,0x00000000e07f7a58,0x00000000e1400000)
 PSPermGen       total 21504K, used 8966K [0x00000000d5a00000, 0x00000000d6f00000, 0x00000000e0000000)
  object space 21504K, 41% used [0x00000000d5a00000,0x00000000d62c1a48,0x00000000d6f00000)
Event: 3,524 GC heap after
Heap after GC invocations=7 (full 0):
 PSYoungGen      total 39424K, used 608K [0x00000000f5500000, 0x00000000fa200000, 0x0000000100000000)
  eden space 34816K, 0% used [0x00000000f5500000,0x00000000f5500000,0x00000000f7700000)
  from space 4608K, 13% used [0x00000000f7700000,0x00000000f7798000,0x00000000f7b80000)
  to   space 4608K, 0% used [0x00000000f9d80000,0x00000000f9d80000,0x00000000fa200000)
 ParOldGen       total 20480K, used 8897K [0x00000000e0000000, 0x00000000e1400000, 0x00000000f5500000)
  object space 20480K, 43% used [0x00000000e0000000,0x00000000e08b0588,0x00000000e1400000)
 PSPermGen       total 21504K, used 8966K [0x00000000d5a00000, 0x00000000d6f00000, 0x00000000e0000000)
  object space 21504K, 41% used [0x00000000d5a00000,0x00000000d62c1a48,0x00000000d6f00000)
}
Event: 4,930 GC heap before
{Heap before GC invocations=8 (full 0):
 PSYoungGen      total 39424K, used 35424K [0x00000000f5500000, 0x00000000fa200000, 0x0000000100000000)
  eden space 34816K, 100% used [0x00000000f5500000,0x00000000f7700000,0x00000000f7700000)
  from space 4608K, 13% used [0x00000000f7700000,0x00000000f7798000,0x00000000f7b80000)
  to   space 4608K, 0% used [0x00000000f9d80000,0x00000000f9d80000,0x00000000fa200000)
 ParOldGen       total 20480K, used 8897K [0x00000000e0000000, 0x00000000e1400000, 0x00000000f5500000)
  object space 20480K, 43% used [0x00000000e0000000,0x00000000e08b0588,0x00000000e1400000)
 PSPermGen       total 21504K, used 11416K [0x00000000d5a00000, 0x00000000d6f00000, 0x00000000e0000000)
  object space 21504K, 53% used [0x00000000d5a00000,0x00000000d6526088,0x00000000d6f00000)
Event: 4,942 GC heap after
Heap after GC invocations=8 (full 0):
 PSYoungGen      total 73728K, used 3234K [0x00000000f5500000, 0x00000000fa300000, 0x0000000100000000)
  eden space 69120K, 0% used [0x00000000f5500000,0x00000000f5500000,0x00000000f9880000)
  from space 4608K, 70% used [0x00000000f9d80000,0x00000000fa0a8800,0x00000000fa200000)
  to   space 5120K, 0% used [0x00000000f9880000,0x00000000f9880000,0x00000000f9d80000)
 ParOldGen       total 20480K, used 9129K [0x00000000e0000000, 0x00000000e1400000, 0x00000000f5500000)
  object space 20480K, 44% used [0x00000000e0000000,0x00000000e08ea588,0x00000000e1400000)
 PSPermGen       total 21504K, used 11416K [0x00000000d5a00000, 0x00000000d6f00000, 0x00000000e0000000)
  object space 21504K, 53% used [0x00000000d5a00000,0x00000000d6526088,0x00000000d6f00000)
}
Event: 7,872 GC heap before
{Heap before GC invocations=9 (full 0):
 PSYoungGen      total 73728K, used 72354K [0x00000000f5500000, 0x00000000fa300000, 0x0000000100000000)
  eden space 69120K, 100% used [0x00000000f5500000,0x00000000f9880000,0x00000000f9880000)
  from space 4608K, 70% used [0x00000000f9d80000,0x00000000fa0a8800,0x00000000fa200000)
  to   space 5120K, 0% used [0x00000000f9880000,0x00000000f9880000,0x00000000f9d80000)
 ParOldGen       total 20480K, used 9129K [0x00000000e0000000, 0x00000000e1400000, 0x00000000f5500000)
  object space 20480K, 44% used [0x00000000e0000000,0x00000000e08ea588,0x00000000e1400000)
 PSPermGen       total 21504K, used 13645K [0x00000000d5a00000, 0x00000000d6f00000, 0x00000000e0000000)
  object space 21504K, 63% used [0x00000000d5a00000,0x00000000d6753518,0x00000000d6f00000)

